Start testing: Sep 14 15:42 MSK
----------------------------------------------------------
1/4 Testing: test_addition
1/4 Test: test_addition
Command: "/usr/bin/bash" "-c" "echo '3 4 +' | ./rpn_calculator | grep 'Result: 7'"
Directory: /home/andre/my-project/rpn_calculator/build
"test_addition" start time: Sep 14 15:42 MSK
Output:
----------------------------------------------------------
Enter RPN expression: Result: 7
<end of output>
Test time =   0.00 sec
----------------------------------------------------------
Test Passed.
"test_addition" end time: Sep 14 15:42 MSK
"test_addition" time elapsed: 00:00:00
----------------------------------------------------------

2/4 Testing: test_power
2/4 Test: test_power
Command: "/usr/bin/bash" "-c" "echo '2 3 ^' | ./rpn_calculator | grep 'Result: 8'"
Directory: /home/andre/my-project/rpn_calculator/build
"test_power" start time: Sep 14 15:42 MSK
Output:
----------------------------------------------------------
Enter RPN expression: Result: 8
<end of output>
Test time =   0.01 sec
----------------------------------------------------------
Test Passed.
"test_power" end time: Sep 14 15:42 MSK
"test_power" time elapsed: 00:00:00
----------------------------------------------------------

3/4 Testing: test_division
3/4 Test: test_division
Command: "/usr/bin/bash" "-c" "echo '10 2 /' | ./rpn_calculator | grep 'Result: 5'"
Directory: /home/andre/my-project/rpn_calculator/build
"test_division" start time: Sep 14 15:42 MSK
Output:
----------------------------------------------------------
Enter RPN expression: Result: 5
<end of output>
Test time =   0.00 sec
----------------------------------------------------------
Test Passed.
"test_division" end time: Sep 14 15:42 MSK
"test_division" time elapsed: 00:00:00
----------------------------------------------------------

4/4 Testing: test_complex
4/4 Test: test_complex
Command: "/usr/bin/bash" "-c" "echo '5 1 2 + 4 * + 3 -' | ./rpn_calculator | grep 'Result: 14'"
Directory: /home/andre/my-project/rpn_calculator/build
"test_complex" start time: Sep 14 15:42 MSK
Output:
----------------------------------------------------------
Enter RPN expression: Result: 14
<end of output>
Test time =   0.00 sec
----------------------------------------------------------
Test Passed.
"test_complex" end time: Sep 14 15:42 MSK
"test_complex" time elapsed: 00:00:00
----------------------------------------------------------

End testing: Sep 14 15:42 MSK
